[PID=30035][Tue Mar 28 22:43:13 2017] Error : -196608(eVOLNOTMOUNTED_RDSM) in RDsM_ReadTrain.c:90
[PID=30035][Tue Mar 28 22:43:13 2017] Error : -196608(eVOLNOTMOUNTED_RDSM) in bfm_ReadTrain.c:90
[PID=30035][Tue Mar 28 22:43:13 2017] Error : -196608(eVOLNOTMOUNTED_RDSM) in BfM_GetTrain.c:113
[PID=30035][Tue Mar 28 22:43:13 2017] Error : -196608(eVOLNOTMOUNTED_RDSM) in EduOM_Test.c:562
[PID=30035][Tue Mar 28 22:43:14 2017] Error : -196608(eVOLNOTMOUNTED_RDSM) in RDsM_ReadTrain.c:90
[PID=30035][Tue Mar 28 22:43:14 2017] Error : -196608(eVOLNOTMOUNTED_RDSM) in bfm_ReadTrain.c:90
[PID=30035][Tue Mar 28 22:43:14 2017] Error : -196608(eVOLNOTMOUNTED_RDSM) in BfM_GetTrain.c:113
[PID=30035][Tue Mar 28 22:43:14 2017] Error : -196608(eVOLNOTMOUNTED_RDSM) in EduOM_Test.c:562
[PID=30035][Tue Mar 28 22:43:14 2017] Error : -196608(eVOLNOTMOUNTED_RDSM) in RDsM_ReadTrain.c:90
[PID=30035][Tue Mar 28 22:43:14 2017] Error : -196608(eVOLNOTMOUNTED_RDSM) in bfm_ReadTrain.c:90
[PID=30035][Tue Mar 28 22:43:14 2017] Error : -196608(eVOLNOTMOUNTED_RDSM) in BfM_GetTrain.c:113
[PID=30035][Tue Mar 28 22:43:14 2017] Error : -196608(eVOLNOTMOUNTED_RDSM) in EduOM_Test.c:618
[PID=30035][Tue Mar 28 22:43:14 2017] Error : -196608(eVOLNOTMOUNTED_RDSM) in RDsM_ReadTrain.c:90
[PID=30035][Tue Mar 28 22:43:14 2017] Error : -196608(eVOLNOTMOUNTED_RDSM) in bfm_ReadTrain.c:90
[PID=30035][Tue Mar 28 22:43:14 2017] Error : -196608(eVOLNOTMOUNTED_RDSM) in BfM_GetTrain.c:113
[PID=30035][Tue Mar 28 22:43:14 2017] Error : -196608(eVOLNOTMOUNTED_RDSM) in EduOM_Test.c:562
[PID=30035][Tue Mar 28 22:43:14 2017] Error : -196608(eVOLNOTMOUNTED_RDSM) in RDsM_ReadTrain.c:90
[PID=30035][Tue Mar 28 22:43:14 2017] Error : -196608(eVOLNOTMOUNTED_RDSM) in bfm_ReadTrain.c:90
[PID=30035][Tue Mar 28 22:43:14 2017] Error : -196608(eVOLNOTMOUNTED_RDSM) in BfM_GetTrain.c:113
[PID=30035][Tue Mar 28 22:43:14 2017] Error : -196608(eVOLNOTMOUNTED_RDSM) in EduOM_Test.c:562
[PID=30035][Tue Mar 28 22:43:14 2017] Error : -196608(eVOLNOTMOUNTED_RDSM) in RDsM_ReadTrain.c:90
[PID=30035][Tue Mar 28 22:43:14 2017] Error : -196608(eVOLNOTMOUNTED_RDSM) in bfm_ReadTrain.c:90
[PID=30035][Tue Mar 28 22:43:14 2017] Error : -196608(eVOLNOTMOUNTED_RDSM) in BfM_GetTrain.c:113
[PID=30035][Tue Mar 28 22:43:14 2017] Error : -196608(eVOLNOTMOUNTED_RDSM) in EduOM_Test.c:562
[PID=30035][Tue Mar 28 22:43:15 2017] Error : -196608(eVOLNOTMOUNTED_RDSM) in RDsM_ReadTrain.c:90
[PID=30035][Tue Mar 28 22:43:15 2017] Error : -196608(eVOLNOTMOUNTED_RDSM) in bfm_ReadTrain.c:90
[PID=30035][Tue Mar 28 22:43:15 2017] Error : -196608(eVOLNOTMOUNTED_RDSM) in BfM_GetTrain.c:113
[PID=30035][Tue Mar 28 22:43:15 2017] Error : -196608(eVOLNOTMOUNTED_RDSM) in EduOM_Test.c:665
[PID=30035][Tue Mar 28 22:43:15 2017] Error : -196608(eVOLNOTMOUNTED_RDSM) in RDsM_ReadTrain.c:90
[PID=30035][Tue Mar 28 22:43:15 2017] Error : -196608(eVOLNOTMOUNTED_RDSM) in bfm_ReadTrain.c:90
[PID=30035][Tue Mar 28 22:43:15 2017] Error : -196608(eVOLNOTMOUNTED_RDSM) in BfM_GetTrain.c:113
[PID=30035][Tue Mar 28 22:43:15 2017] Error : -196608(eVOLNOTMOUNTED_RDSM) in EduOM_Test.c:562
[PID=30035][Tue Mar 28 22:43:15 2017] Error : -1(Unix error code) in EduOM_Test.c:272
[PID=30035][Tue Mar 28 22:43:15 2017] Error : -589829(eNOLOGGEDTRANSACTION_RM) in RM_Transaction.c:311
[PID=30035][Tue Mar 28 22:43:15 2017] Error : -589829(eNOLOGGEDTRANSACTION_RM) in SM_Transaction.c:258
[PID=30035][Tue Mar 28 22:43:15 2017] Error : -589829(eNOLOGGEDTRANSACTION_RM) in SM_ThinLayer.c:761
[PID=30035][Tue Mar 28 22:43:15 2017] Error : -589829(eNOLOGGEDTRANSACTION_RM) in LRDS_Transaction.c:133
[PID=30035][Tue Mar 28 22:43:15 2017] Error : -65538(eBADPARAMETER) in Util_heap.c:298
[PID=30035][Tue Mar 28 22:43:15 2017] Error : -65538(eBADPARAMETER) in LRDS_CloseScan.c:107
[PID=30035][Tue Mar 28 22:43:15 2017] Error : -65538(eBADPARAMETER) in LRDS_Transaction.c:90
[PID=30035][Tue Mar 28 22:43:15 2017] Error : -65539(eBADVOLUMEID) in LRDS_Dismount.c:73
[PID=121][Thu Apr  4 01:47:22 2019] Error : -1(Unix error code) in EduOM_Test.c:272
[PID=121][Thu Apr  4 01:47:22 2019] Error : -589829(eNOLOGGEDTRANSACTION_RM) in RM_Transaction.c:311
[PID=121][Thu Apr  4 01:47:22 2019] Error : -589829(eNOLOGGEDTRANSACTION_RM) in SM_Transaction.c:258
[PID=121][Thu Apr  4 01:47:22 2019] Error : -589829(eNOLOGGEDTRANSACTION_RM) in SM_ThinLayer.c:761
[PID=121][Thu Apr  4 01:47:22 2019] Error : -589829(eNOLOGGEDTRANSACTION_RM) in LRDS_Transaction.c:133
[PID=121][Thu Apr  4 01:47:22 2019] Error : -524288(eBADPARAMETER_SM) in SM_CloseScan.c:65
[PID=121][Thu Apr  4 01:47:22 2019] Error : -524288(eBADPARAMETER_SM) in LRDS_CloseScan.c:102
[PID=121][Thu Apr  4 01:47:22 2019] Error : -524288(eBADPARAMETER_SM) in LRDS_Transaction.c:90
[PID=121][Thu Apr  4 01:47:22 2019] Error : -65539(eBADVOLUMEID) in LRDS_Dismount.c:73
[PID=138][Thu Apr  4 02:02:48 2019] Error : -262149(eFLUSHFIXEDBUF_BFM) in BfM_Dismount.c:110
[PID=138][Thu Apr  4 02:02:48 2019] Error : -262149(eFLUSHFIXEDBUF_BFM) in SM_Dismount.c:104
[PID=138][Thu Apr  4 02:02:48 2019] Error : -262149(eFLUSHFIXEDBUF_BFM) in LRDS_Dismount.c:246
[PID=138][Thu Apr  4 02:02:48 2019] Error : -262149(eFLUSHFIXEDBUF_BFM) in LRDS_Dismount.c:143
[PID=177][Thu Apr  4 02:47:57 2019] Error : -262149(eFLUSHFIXEDBUF_BFM) in BfM_Dismount.c:110
[PID=177][Thu Apr  4 02:47:57 2019] Error : -262149(eFLUSHFIXEDBUF_BFM) in SM_Dismount.c:104
[PID=177][Thu Apr  4 02:47:57 2019] Error : -262149(eFLUSHFIXEDBUF_BFM) in LRDS_Dismount.c:246
[PID=177][Thu Apr  4 02:47:57 2019] Error : -262149(eFLUSHFIXEDBUF_BFM) in LRDS_Dismount.c:143
[PID=31][Thu Apr  4 10:13:21 2019] Error : -262149(eFLUSHFIXEDBUF_BFM) in BfM_Dismount.c:110
[PID=31][Thu Apr  4 10:13:21 2019] Error : -262149(eFLUSHFIXEDBUF_BFM) in SM_Dismount.c:104
[PID=31][Thu Apr  4 10:13:21 2019] Error : -262149(eFLUSHFIXEDBUF_BFM) in LRDS_Dismount.c:246
[PID=31][Thu Apr  4 10:13:21 2019] Error : -262149(eFLUSHFIXEDBUF_BFM) in LRDS_Dismount.c:143
[PID=33][Thu Apr  4 22:57:03 2019] Error : -262149(eFLUSHFIXEDBUF_BFM) in BfM_Dismount.c:110
[PID=33][Thu Apr  4 22:57:03 2019] Error : -262149(eFLUSHFIXEDBUF_BFM) in SM_Dismount.c:104
[PID=33][Thu Apr  4 22:57:03 2019] Error : -262149(eFLUSHFIXEDBUF_BFM) in LRDS_Dismount.c:246
[PID=33][Thu Apr  4 22:57:03 2019] Error : -262149(eFLUSHFIXEDBUF_BFM) in LRDS_Dismount.c:143
